Using pre-set license
Built from '2022.3/staging' branch; Version is '2022.3.27f1 (73effa14754f) revision 7598074'; Using compiler version '192829333'; Build Type 'Release'
OS: 'Windows 11  (10.0.22631) 64bit Core' Language: 'ko' Physical Memory: 32627 MB
BatchMode: 1, IsHumanControllingUs: 0, StartBugReporterOnCrash: 0, Is64bit: 1, IsPro: 1

COMMAND LINE ARGUMENTS:
C:\Program Files\Unity\Hub\Editor\2022.3.27f1\Editor\Unity.exe
-adb2
-batchMode
-noUpm
-name
AssetImportWorker4
-projectPath
C:/Users/joshua firenze/Documents/GitHub/RecurringNightmare
-logFile
Logs/AssetImportWorker4.log
-srvPort
55814
Successfully changed project path to: C:/Users/joshua firenze/Documents/GitHub/RecurringNightmare
C:/Users/joshua firenze/Documents/GitHub/RecurringNightmare
[UnityMemory] Configuration Parameters - Can be set up in boot.config
    "memorysetup-bucket-allocator-granularity=16"
    "memorysetup-bucket-allocator-bucket-count=8"
    "memorysetup-bucket-allocator-block-size=33554432"
    "memorysetup-bucket-allocator-block-count=8"
    "memorysetup-main-allocator-block-size=16777216"
    "memorysetup-thread-allocator-block-size=16777216"
    "memorysetup-gfx-main-allocator-block-size=16777216"
    "memorysetup-gfx-thread-allocator-block-size=16777216"
    "memorysetup-cache-allocator-block-size=4194304"
    "memorysetup-typetree-allocator-block-size=2097152"
    "memorysetup-profiler-bucket-allocator-granularity=16"
    "memorysetup-profiler-bucket-allocator-bucket-count=8"
    "memorysetup-profiler-bucket-allocator-block-size=33554432"
    "memorysetup-profiler-bucket-allocator-block-count=8"
    "memorysetup-profiler-allocator-block-size=16777216"
    "memorysetup-profiler-editor-allocator-block-size=1048576"
    "memorysetup-temp-allocator-size-main=16777216"
    "memorysetup-job-temp-allocator-block-size=2097152"
    "memorysetup-job-temp-allocator-block-size-background=1048576"
    "memorysetup-job-temp-allocator-reduction-small-platforms=262144"
    "memorysetup-allocator-temp-initial-block-size-main=262144"
    "memorysetup-allocator-temp-initial-block-size-worker=262144"
    "memorysetup-temp-allocator-size-background-worker=32768"
    "memorysetup-temp-allocator-size-job-worker=262144"
    "memorysetup-temp-allocator-size-preload-manager=33554432"
    "memorysetup-temp-allocator-size-nav-mesh-worker=65536"
    "memorysetup-temp-allocator-size-audio-worker=65536"
    "memorysetup-temp-allocator-size-cloud-worker=32768"
    "memorysetup-temp-allocator-size-gi-baking-worker=262144"
    "memorysetup-temp-allocator-size-gfx=262144"
Player connection [11772] Host "[IP] 192.168.45.147 [Port] 0 [Flags] 2 [Guid] 1607846536 [EditorId] 1607846536 [Version] 1048832 [Id] WindowsEditor(7,DESKTOP-3ONHQQT) [Debug] 1 [PackageName] WindowsEditor [ProjectName] Editor" joined multi-casting on [225.0.0.222:54997]...

Player connection [11772] Host "[IP] 192.168.45.147 [Port] 0 [Flags] 2 [Guid] 1607846536 [EditorId] 1607846536 [Version] 1048832 [Id] WindowsEditor(7,DESKTOP-3ONHQQT) [Debug] 1 [PackageName] WindowsEditor [ProjectName] Editor" joined alternative multi-casting on [225.0.0.222:34997]...

[Physics::Module] Initialized MultithreadedJobDispatcher with 11 workers.
Refreshing native plugins compatible for Editor in 21.56 ms, found 3 plugins.
Preloading 0 native plugins for Editor in 0.00 ms.
Initialize engine version: 2022.3.27f1 (73effa14754f)
[Subsystems] Discovering subsystems at path C:/Program Files/Unity/Hub/Editor/2022.3.27f1/Editor/Data/Resources/UnitySubsystems
[Subsystems] Discovering subsystems at path C:/Users/joshua firenze/Documents/GitHub/RecurringNightmare/Assets
GfxDevice: creating device client; threaded=0; jobified=0
Direct3D:
    Version:  Direct3D 11.0 [level 11.1]
    Renderer: NVIDIA GeForce RTX 3060 (ID=0x2544)
    Vendor:   NVIDIA
    VRAM:     8049 MB
    Driver:   31.0.15.3699
Initialize mono
Mono path[0] = 'C:/Program Files/Unity/Hub/Editor/2022.3.27f1/Editor/Data/Managed'
Mono path[1] = 'C:/Program Files/Unity/Hub/Editor/2022.3.27f1/Editor/Data/MonoBleedingEdge/lib/mono/unityjit-win32'
Mono config path = 'C:/Program Files/Unity/Hub/Editor/2022.3.27f1/Editor/Data/MonoBleedingEdge/etc'
Using monoOptions --debugger-agent=transport=dt_socket,embedding=1,server=y,suspend=n,address=127.0.0.1:56528
Begin MonoManager ReloadAssembly
Registering precompiled unity dll's ...
Register platform support module: C:/Program Files/Unity/Hub/Editor/2022.3.27f1/Editor/Data/PlaybackEngines/WindowsStandaloneSupport/UnityEditor.WindowsStandalone.Extensions.dll
Registered in 0.006496 seconds.
- Loaded All Assemblies, in  0.273 seconds
Native extension for WindowsStandalone target not found
Mono: successfully reloaded assembly
- Finished resetting the current domain, in  0.218 seconds
Domain Reload Profiling: 490ms
	BeginReloadAssembly (94ms)
		ExecutionOrderSort (0ms)
		DisableScriptedObjects (0ms)
		BackupInstance (0ms)
		ReleaseScriptingObjects (0ms)
		CreateAndSetChildDomain (1ms)
	RebuildCommonClasses (25ms)
	RebuildNativeTypeToScriptingClass (8ms)
	initialDomainReloadingComplete (46ms)
	LoadAllAssembliesAndSetupDomain (98ms)
		LoadAssemblies (92ms)
		RebuildTransferFunctionScriptingTraits (0ms)
		AnalyzeDomain (96ms)
			TypeCache.Refresh (95ms)
				TypeCache.ScanAssembly (85ms)
			ScanForSourceGeneratedMonoScriptInfo (0ms)
			ResolveRequiredComponents (0ms)
	FinalizeReload (219ms)
		ReleaseScriptCaches (0ms)
		RebuildScriptCaches (0ms)
		SetupLoadedEditorAssemblies (174ms)
			LogAssemblyErrors (0ms)
			InitializePlatformSupportModulesInManaged (7ms)
			SetLoadedEditorAssemblies (5ms)
			RefreshPlugins (0ms)
			BeforeProcessingInitializeOnLoad (1ms)
			ProcessInitializeOnLoadAttributes (119ms)
			ProcessInitializeOnLoadMethodAttributes (41ms)
			AfterProcessingInitializeOnLoad (0ms)
			EditorAssembliesLoaded (0ms)
		ExecutionOrderSort2 (0ms)
		AwakeInstancesAfterBackupRestoration (0ms)
========================================================================
Worker process is ready to serve import requests
Begin MonoManager ReloadAssembly
Symbol file LoadedFromMemory is not a mono symbol file
Symbol file LoadedFromMemory is not a mono symbol file
- Loaded All Assemblies, in  0.801 seconds
Refreshing native plugins compatible for Editor in 8.55 ms, found 3 plugins.
Native extension for WindowsStandalone target not found
Package Manager log level set to [2]
[Package Manager] Server::EnsureServerProcessIsRunning -- launch failed, reason: Unity was launched with the -noUpm command-line argument
[Package Manager] UpmClient::Send -- Unable to send message (not connected to UPM process).
[Package Manager] Cannot connect to Unity Package Manager local server
Mono: successfully reloaded assembly
- Finished resetting the current domain, in  0.710 seconds
Domain Reload Profiling: 1506ms
	BeginReloadAssembly (133ms)
		ExecutionOrderSort (0ms)
		DisableScriptedObjects (4ms)
		BackupInstance (0ms)
		ReleaseScriptingObjects (0ms)
		CreateAndSetChildDomain (19ms)
	RebuildCommonClasses (27ms)
	RebuildNativeTypeToScriptingClass (10ms)
	initialDomainReloadingComplete (42ms)
	LoadAllAssembliesAndSetupDomain (585ms)
		LoadAssemblies (422ms)
		RebuildTransferFunctionScriptingTraits (0ms)
		AnalyzeDomain (240ms)
			TypeCache.Refresh (207ms)
				TypeCache.ScanAssembly (191ms)
			ScanForSourceGeneratedMonoScriptInfo (24ms)
			ResolveRequiredComponents (9ms)
	FinalizeReload (710ms)
		ReleaseScriptCaches (0ms)
		RebuildScriptCaches (0ms)
		SetupLoadedEditorAssemblies (581ms)
			LogAssemblyErrors (0ms)
			InitializePlatformSupportModulesInManaged (5ms)
			SetLoadedEditorAssemblies (4ms)
			RefreshPlugins (0ms)
			BeforeProcessingInitializeOnLoad (75ms)
			ProcessInitializeOnLoadAttributes (334ms)
			ProcessInitializeOnLoadMethodAttributes (155ms)
			AfterProcessingInitializeOnLoad (8ms)
			EditorAssembliesLoaded (0ms)
		ExecutionOrderSort2 (0ms)
		AwakeInstancesAfterBackupRestoration (8ms)
Failed to load shader (instanceID 15946, GUID e4e5d566a8aa9914c906555a6857fcb9)
Launched and connected shader compiler UnityShaderCompiler.exe after 0.05 seconds
Refreshing native plugins compatible for Editor in 8.43 ms, found 3 plugins.
Preloading 0 native plugins for Editor in 0.00 ms.
Unloading 6902 Unused Serialized files (Serialized files now loaded: 0)
Unloading 165 unused Assets / (11.4 MB). Loaded Objects now: 7330.
Memory consumption went from 298.9 MB to 287.4 MB.
Total: 4.595900 ms (FindLiveObjects: 0.311300 ms CreateObjectMapping: 0.189500 ms MarkObjects: 2.939400 ms  DeleteObjects: 1.155000 ms)

AssetImportParameters requested are different than current active one (requested -> active):
  custom:container-demuxer-ogg: 62fdf1f143b41e24485cea50d1cbac27 -> 
  custom:framework-win-MediaFoundation: 216162199b28c13a410421893ffa2e32 -> 
  custom:container-muxer-webm: aa71ff27fc2769a1b78a27578f13a17b -> 
  custom:video-decoder-webm-vp8: 9c59270c3fd7afecdb556c50c9e8de78 -> 
  custom:SearchIndexIgnoredProperties: e643bd26f0fe6173181afceb89e7c659 -> 
  custom:AudioImporter_EditorPlatform: d09bf68614088b80899f8185d706f6e7 -> 
  custom:audio-decoder-ogg-vorbis: bf7c407c2cedff20999df2af8eb42d56 -> 
  custom:audio-encoder-webm-vorbis: bf7c407c2cedff20999df2af8eb42d56 -> 
  custom:video-decoder-ogg-theora: a1e56fd34408186e4bbccfd4996cb3dc -> 
  custom:CustomObjectIndexerAttribute: 72b91833f83ae208fae7752999fa3104 -> 
  custom:container-demuxer-webm: 4f35f7cbe854078d1ac9338744f61a02 -> 
  custom:video-encoder-webm-vp8: eb34c28f22e8b96e1ab97ce403110664 -> 
========================================================================
Received Import Request.
  Time since last request: 42192.380915 seconds.
  path: Assets/Assets/HorrorBundleSfx/PACK - HauntedHouse/FootStep_Wood_v1/FootStep_Wood_Clean_Example_wav.wav
  artifactKey: Guid(6e17075df6e5577469fd466c002a5d7f) Importer(815301076,1909f56bfc062723c751e8b465ee728b)
Start importing Assets/Assets/HorrorBundleSfx/PACK - HauntedHouse/FootStep_Wood_v1/FootStep_Wood_Clean_Example_wav.wav using Guid(6e17075df6e5577469fd466c002a5d7f) Importer(815301076,1909f56bfc062723c751e8b465ee728b)  -> (artifact id: '71e5a30bd5713f8fae0568c5feaa07b6') in 0.104911 seconds
Number of updated asset objects reloaded before import = 0
Number of asset objects unloaded after import = 2
========================================================================
Received Import Request.
  Time since last request: 0.336148 seconds.
  path: Assets/Assets/HorrorBundleSfx/PACK - HauntedHouse/Ghost_Pass_By_v1/Ghost_Pass_By_v1_wav.wav
  artifactKey: Guid(fe839435e84dc95409d63485ed8fa023) Importer(815301076,1909f56bfc062723c751e8b465ee728b)
Start importing Assets/Assets/HorrorBundleSfx/PACK - HauntedHouse/Ghost_Pass_By_v1/Ghost_Pass_By_v1_wav.wav using Guid(fe839435e84dc95409d63485ed8fa023) Importer(815301076,1909f56bfc062723c751e8b465ee728b)  -> (artifact id: '565a3fc5ed29dcfb8e4adfdc2475ec41') in 0.018253 seconds
Number of updated asset objects reloaded before import = 0
Number of asset objects unloaded after import = 2
========================================================================
Received Import Request.
  Time since last request: 0.683866 seconds.
  path: Assets/Assets/HorrorBundleSfx/PACK - HauntedHouse/Ghost_v1/Ghost_v1_complete_wav.wav
  artifactKey: Guid(db3712ac299f98044b201d6a01389d55) Importer(815301076,1909f56bfc062723c751e8b465ee728b)
Start importing Assets/Assets/HorrorBundleSfx/PACK - HauntedHouse/Ghost_v1/Ghost_v1_complete_wav.wav using Guid(db3712ac299f98044b201d6a01389d55) Importer(815301076,1909f56bfc062723c751e8b465ee728b)  -> (artifact id: 'b93b2f96bf3890ccf44dd3e5415147cb') in 0.025414 seconds
Number of updated asset objects reloaded before import = 0
Number of asset objects unloaded after import = 2
========================================================================
Received Import Request.
  Time since last request: 0.000020 seconds.
  path: Assets/Assets/HorrorBundleSfx/PACK - HauntedHouse/Ghost_v1/Ghost_v3_complete_wav.wav
  artifactKey: Guid(b5bd12d3a5b70b744bfe1aa44f3b3a66) Importer(815301076,1909f56bfc062723c751e8b465ee728b)
Start importing Assets/Assets/HorrorBundleSfx/PACK - HauntedHouse/Ghost_v1/Ghost_v3_complete_wav.wav using Guid(b5bd12d3a5b70b744bfe1aa44f3b3a66) Importer(815301076,1909f56bfc062723c751e8b465ee728b)  -> (artifact id: '1cab36fea53f8c5af93fc16ec5f72fb6') in 0.036119 seconds
Number of updated asset objects reloaded before import = 0
Number of asset objects unloaded after import = 2
========================================================================
Received Import Request.
  Time since last request: 6.092063 seconds.
  path: Assets/Assets/HorrorBundleSfx/PACK - HauntedHouse/Ghost_Wind_v1/Ghost_Wind_v1_wav.wav
  artifactKey: Guid(4723c0dfa2666d64c90497a27d6023f3) Importer(815301076,1909f56bfc062723c751e8b465ee728b)
Start importing Assets/Assets/HorrorBundleSfx/PACK - HauntedHouse/Ghost_Wind_v1/Ghost_Wind_v1_wav.wav using Guid(4723c0dfa2666d64c90497a27d6023f3) Importer(815301076,1909f56bfc062723c751e8b465ee728b)  -> (artifact id: 'ceb61011827c5758b841da313b88738f') in 0.030776 seconds
Number of updated asset objects reloaded before import = 0
Number of asset objects unloaded after import = 2
========================================================================
Received Import Request.
  Time since last request: 5.192122 seconds.
  path: Assets/Assets/HorrorBundleSfx/PACK - HauntedHouse/Glass_v1/Glass_Grab_v1_wav.wav
  artifactKey: Guid(e909685e11dbaf6428c06c1de28a8f2b) Importer(815301076,1909f56bfc062723c751e8b465ee728b)
Start importing Assets/Assets/HorrorBundleSfx/PACK - HauntedHouse/Glass_v1/Glass_Grab_v1_wav.wav using Guid(e909685e11dbaf6428c06c1de28a8f2b) Importer(815301076,1909f56bfc062723c751e8b465ee728b)  -> (artifact id: 'c4d05eb17564daba2890cf617295a0f7') in 0.015827 seconds
Number of updated asset objects reloaded before import = 0
Number of asset objects unloaded after import = 2
========================================================================
Received Import Request.
  Time since last request: 2.991409 seconds.
  path: Assets/Assets/HorrorBundleSfx/PACK - HauntedHouse/Hand_Door_v1/Close_Door_v1_wav.wav
  artifactKey: Guid(6d524dcf7f8dc324db6ab415f7f4b003) Importer(815301076,1909f56bfc062723c751e8b465ee728b)
Start importing Assets/Assets/HorrorBundleSfx/PACK - HauntedHouse/Hand_Door_v1/Close_Door_v1_wav.wav using Guid(6d524dcf7f8dc324db6ab415f7f4b003) Importer(815301076,1909f56bfc062723c751e8b465ee728b)  -> (artifact id: 'ac95bfd1ac7884af2daefd867a80fe92') in 0.015897 seconds
Number of updated asset objects reloaded before import = 0
Number of asset objects unloaded after import = 2
========================================================================
Received Import Request.
  Time since last request: 0.000019 seconds.
  path: Assets/Assets/HorrorBundleSfx/PACK - HauntedHouse/Hand_Door_v1/Unlock_Door_v1_wav.wav
  artifactKey: Guid(5f35311443f78db4f86f192d270f93c4) Importer(815301076,1909f56bfc062723c751e8b465ee728b)
Start importing Assets/Assets/HorrorBundleSfx/PACK - HauntedHouse/Hand_Door_v1/Unlock_Door_v1_wav.wav using Guid(5f35311443f78db4f86f192d270f93c4) Importer(815301076,1909f56bfc062723c751e8b465ee728b)  -> (artifact id: '94d9776c269cfc21e4c09ba73950d5b0') in 0.019475 seconds
Number of updated asset objects reloaded before import = 0
Number of asset objects unloaded after import = 2
========================================================================
Received Import Request.
  Time since last request: 0.000021 seconds.
  path: Assets/Assets/HorrorBundleSfx/PACK - HauntedHouse/Hand_Door_v1/Lock_Door_v1_wav.wav
  artifactKey: Guid(3a3e86b299f228747a83b171eda4f57b) Importer(815301076,1909f56bfc062723c751e8b465ee728b)
Start importing Assets/Assets/HorrorBundleSfx/PACK - HauntedHouse/Hand_Door_v1/Lock_Door_v1_wav.wav using Guid(3a3e86b299f228747a83b171eda4f57b) Importer(815301076,1909f56bfc062723c751e8b465ee728b)  -> (artifact id: 'eaf03ad94d9a110c3fbbc5c1fc9bf080') in 0.012608 seconds
Number of updated asset objects reloaded before import = 0
Number of asset objects unloaded after import = 2
========================================================================
Received Import Request.
  Time since last request: 2.086575 seconds.
  path: Assets/Assets/HorrorBundleSfx/PACK - HauntedHouse/Heart_Beat_v1/Heart_Beat_v1_sequence_wav.wav
  artifactKey: Guid(1181b8a4a655c3840bbfea954a663354) Importer(815301076,1909f56bfc062723c751e8b465ee728b)
Start importing Assets/Assets/HorrorBundleSfx/PACK - HauntedHouse/Heart_Beat_v1/Heart_Beat_v1_sequence_wav.wav using Guid(1181b8a4a655c3840bbfea954a663354) Importer(815301076,1909f56bfc062723c751e8b465ee728b)  -> (artifact id: '8275e75e384f315b9278bd711e43ae1e') in 0.026562 seconds
Number of updated asset objects reloaded before import = 0
Number of asset objects unloaded after import = 2
========================================================================
Received Import Request.
  Time since last request: 10.910176 seconds.
  path: Assets/Assets/HorrorBundleSfx/PACK - HauntedHouse/Laugh_v1/Laugh_01_wav.wav
  artifactKey: Guid(00f0fe44c64e2f649bb4b68785e0210a) Importer(815301076,1909f56bfc062723c751e8b465ee728b)
Start importing Assets/Assets/HorrorBundleSfx/PACK - HauntedHouse/Laugh_v1/Laugh_01_wav.wav using Guid(00f0fe44c64e2f649bb4b68785e0210a) Importer(815301076,1909f56bfc062723c751e8b465ee728b)  -> (artifact id: '10e98bc489d825c7ead6410958c9f114') in 0.019831 seconds
Number of updated asset objects reloaded before import = 0
Number of asset objects unloaded after import = 2
========================================================================
Received Import Request.
  Time since last request: 0.000018 seconds.
  path: Assets/Assets/HorrorBundleSfx/PACK - HauntedHouse/Laugh_v1/Laugh_04_wav.wav
  artifactKey: Guid(e8ae0a44b6def4840b61d0fe0851606f) Importer(815301076,1909f56bfc062723c751e8b465ee728b)
Start importing Assets/Assets/HorrorBundleSfx/PACK - HauntedHouse/Laugh_v1/Laugh_04_wav.wav using Guid(e8ae0a44b6def4840b61d0fe0851606f) Importer(815301076,1909f56bfc062723c751e8b465ee728b)  -> (artifact id: 'a95654c8c80b13e4d351d28db3440f69') in 0.027566 seconds
Number of updated asset objects reloaded before import = 0
Number of asset objects unloaded after import = 2
========================================================================
Received Import Request.
  Time since last request: 0.825464 seconds.
  path: Assets/Assets/HorrorBundleSfx/PACK - HauntedHouse/Male_Voice_Ghost_v1/sfx_cry_01_wav.wav
  artifactKey: Guid(6ed9ea8ffb86df04494b907dcbdd247d) Importer(815301076,1909f56bfc062723c751e8b465ee728b)
Start importing Assets/Assets/HorrorBundleSfx/PACK - HauntedHouse/Male_Voice_Ghost_v1/sfx_cry_01_wav.wav using Guid(6ed9ea8ffb86df04494b907dcbdd247d) Importer(815301076,1909f56bfc062723c751e8b465ee728b)  -> (artifact id: 'dc870b2d95399f3554065a413fd795b4') in 0.032861 seconds
Number of updated asset objects reloaded before import = 0
Number of asset objects unloaded after import = 2
========================================================================
Received Import Request.
  Time since last request: 0.000017 seconds.
  path: Assets/Assets/HorrorBundleSfx/PACK - HauntedHouse/Male_Voice_Ghost_v1/sfx_roar_01_wav.wav
  artifactKey: Guid(0eb02c1f1c75e694f95c984b8711a35b) Importer(815301076,1909f56bfc062723c751e8b465ee728b)
Start importing Assets/Assets/HorrorBundleSfx/PACK - HauntedHouse/Male_Voice_Ghost_v1/sfx_roar_01_wav.wav using Guid(0eb02c1f1c75e694f95c984b8711a35b) Importer(815301076,1909f56bfc062723c751e8b465ee728b)  -> (artifact id: 'a35354ff128247b61b83a1296290e8be') in 0.037006 seconds
Number of updated asset objects reloaded before import = 0
Number of asset objects unloaded after import = 2
========================================================================
Received Import Request.
  Time since last request: 0.932930 seconds.
  path: Assets/Assets/HorrorBundleSfx/PACK - HauntedHouse/Male_Voice_v1/sfx_male_human_crazy_laugh_01_wav.wav
  artifactKey: Guid(5c4ab5e5b169de243ac85a784ba355da) Importer(815301076,1909f56bfc062723c751e8b465ee728b)
Start importing Assets/Assets/HorrorBundleSfx/PACK - HauntedHouse/Male_Voice_v1/sfx_male_human_crazy_laugh_01_wav.wav using Guid(5c4ab5e5b169de243ac85a784ba355da) Importer(815301076,1909f56bfc062723c751e8b465ee728b)  -> (artifact id: '96acb7951d502f10a0911c3647fa0dc5') in 0.030941 seconds
Number of updated asset objects reloaded before import = 0
Number of asset objects unloaded after import = 2
========================================================================
Received Import Request.
  Time since last request: 0.000017 seconds.
  path: Assets/Assets/HorrorBundleSfx/PACK - HauntedHouse/Male_Voice_v1/sfx_male_human_laugh_05_wav.wav
  artifactKey: Guid(eac0c8a2858e2ab49b56d868e8181c8c) Importer(815301076,1909f56bfc062723c751e8b465ee728b)
Start importing Assets/Assets/HorrorBundleSfx/PACK - HauntedHouse/Male_Voice_v1/sfx_male_human_laugh_05_wav.wav using Guid(eac0c8a2858e2ab49b56d868e8181c8c) Importer(815301076,1909f56bfc062723c751e8b465ee728b)  -> (artifact id: 'f7c4e0a4424f04686c61b838b32b8550') in 0.019948 seconds
Number of updated asset objects reloaded before import = 0
Number of asset objects unloaded after import = 2
========================================================================
Received Import Request.
  Time since last request: 0.000019 seconds.
  path: Assets/Assets/HorrorBundleSfx/PACK - HauntedHouse/Male_Voice_v1/sfx_male_human_laugh_11_wav.wav
  artifactKey: Guid(f8bfed9e62a11b54d82770dbaa9fb831) Importer(815301076,1909f56bfc062723c751e8b465ee728b)
Start importing Assets/Assets/HorrorBundleSfx/PACK - HauntedHouse/Male_Voice_v1/sfx_male_human_laugh_11_wav.wav using Guid(f8bfed9e62a11b54d82770dbaa9fb831) Importer(815301076,1909f56bfc062723c751e8b465ee728b)  -> (artifact id: '74de513f8e01d30df515a04f86db62c0') in 0.019883 seconds
Number of updated asset objects reloaded before import = 0
Number of asset objects unloaded after import = 2
========================================================================
Received Import Request.
  Time since last request: 0.000020 seconds.
  path: Assets/Assets/HorrorBundleSfx/PACK - HauntedHouse/Male_Voice_v1/sfx_male_human_voice_ah_04_wav.wav
  artifactKey: Guid(281d94b100acd7f4080067b9b3daa1f0) Importer(815301076,1909f56bfc062723c751e8b465ee728b)
Start importing Assets/Assets/HorrorBundleSfx/PACK - HauntedHouse/Male_Voice_v1/sfx_male_human_voice_ah_04_wav.wav using Guid(281d94b100acd7f4080067b9b3daa1f0) Importer(815301076,1909f56bfc062723c751e8b465ee728b)  -> (artifact id: '7ec37a7bce7d29bf82bbf5a4698050a9') in 0.024786 seconds
Number of updated asset objects reloaded before import = 0
Number of asset objects unloaded after import = 2
========================================================================
Received Import Request.
  Time since last request: 0.000026 seconds.
  path: Assets/Assets/HorrorBundleSfx/PACK - HauntedHouse/Male_Voice_v1/sfx_male_human_stuffy_nose_01_wav.wav
  artifactKey: Guid(f7e5ca2a3690ae74fb0f23b62418d0ff) Importer(815301076,1909f56bfc062723c751e8b465ee728b)
Start importing Assets/Assets/HorrorBundleSfx/PACK - HauntedHouse/Male_Voice_v1/sfx_male_human_stuffy_nose_01_wav.wav using Guid(f7e5ca2a3690ae74fb0f23b62418d0ff) Importer(815301076,1909f56bfc062723c751e8b465ee728b)  -> (artifact id: '0e8fd513b92a1819110d2563c3c4a9a3') in 0.014377 seconds
Number of updated asset objects reloaded before import = 0
Number of asset objects unloaded after import = 2
========================================================================
Received Import Request.
  Time since last request: 0.000026 seconds.
  path: Assets/Assets/HorrorBundleSfx/PACK - HauntedHouse/Male_Voice_v1/sfx_male_human_laugh_08_wav.wav
  artifactKey: Guid(c46fbdea6e74b7c438122fd585b290e6) Importer(815301076,1909f56bfc062723c751e8b465ee728b)
Start importing Assets/Assets/HorrorBundleSfx/PACK - HauntedHouse/Male_Voice_v1/sfx_male_human_laugh_08_wav.wav using Guid(c46fbdea6e74b7c438122fd585b290e6) Importer(815301076,1909f56bfc062723c751e8b465ee728b)  -> (artifact id: 'c6cb97e5886bc3770870f16caa51ffd3') in 0.022910 seconds
Number of updated asset objects reloaded before import = 0
Number of asset objects unloaded after import = 2
========================================================================
Received Import Request.
  Time since last request: 0.000020 seconds.
  path: Assets/Assets/HorrorBundleSfx/PACK - HauntedHouse/Male_Voice_v1/sfx_male_human_laugh_13_wav.wav
  artifactKey: Guid(e1dd2301c2dc4df458e896334d4df525) Importer(815301076,1909f56bfc062723c751e8b465ee728b)
Start importing Assets/Assets/HorrorBundleSfx/PACK - HauntedHouse/Male_Voice_v1/sfx_male_human_laugh_13_wav.wav using Guid(e1dd2301c2dc4df458e896334d4df525) Importer(815301076,1909f56bfc062723c751e8b465ee728b)  -> (artifact id: 'b748868f21c88ea1781b9aeabd0cb6e4') in 0.019280 seconds
Number of updated asset objects reloaded before import = 0
Number of asset objects unloaded after import = 2
========================================================================
Received Import Request.
  Time since last request: 0.000021 seconds.
  path: Assets/Assets/HorrorBundleSfx/PACK - HauntedHouse/Male_Voice_v1/sfx_male_human_voice_ah_03_wav.wav
  artifactKey: Guid(cd0832736397ea64fa1f9df78c88bb03) Importer(815301076,1909f56bfc062723c751e8b465ee728b)
Start importing Assets/Assets/HorrorBundleSfx/PACK - HauntedHouse/Male_Voice_v1/sfx_male_human_voice_ah_03_wav.wav using Guid(cd0832736397ea64fa1f9df78c88bb03) Importer(815301076,1909f56bfc062723c751e8b465ee728b)  -> (artifact id: '964d5d43fffcbfbce3bb67b007256f1e') in 0.015330 seconds
Number of updated asset objects reloaded before import = 0
Number of asset objects unloaded after import = 2
========================================================================
Received Import Request.
  Time since last request: 0.000016 seconds.
  path: Assets/Assets/HorrorBundleSfx/PACK - HauntedHouse/Male_Voice_v1/sfx_male_human_voice_attack_02_wav.wav
  artifactKey: Guid(e88531303854b22488e8d2b73c159d2d) Importer(815301076,1909f56bfc062723c751e8b465ee728b)
Start importing Assets/Assets/HorrorBundleSfx/PACK - HauntedHouse/Male_Voice_v1/sfx_male_human_voice_attack_02_wav.wav using Guid(e88531303854b22488e8d2b73c159d2d) Importer(815301076,1909f56bfc062723c751e8b465ee728b)  -> (artifact id: 'e9d901f4489684ee35403f0927a0e0de') in 0.015890 seconds
Number of updated asset objects reloaded before import = 0
Number of asset objects unloaded after import = 2
========================================================================
Received Import Request.
  Time since last request: 0.000017 seconds.
  path: Assets/Assets/HorrorBundleSfx/PACK - HauntedHouse/Male_Voice_v1/sfx_male_human_mumbling_02_wav.wav
  artifactKey: Guid(07f4085a101649b4e8183dbc1518d7c5) Importer(815301076,1909f56bfc062723c751e8b465ee728b)
Start importing Assets/Assets/HorrorBundleSfx/PACK - HauntedHouse/Male_Voice_v1/sfx_male_human_mumbling_02_wav.wav using Guid(07f4085a101649b4e8183dbc1518d7c5) Importer(815301076,1909f56bfc062723c751e8b465ee728b)  -> (artifact id: '1c3180233144a8a551f3bf45c79ceeee') in 0.016093 seconds
Number of updated asset objects reloaded before import = 0
Number of asset objects unloaded after import = 2
========================================================================
Received Import Request.
  Time since last request: 0.000019 seconds.
  path: Assets/Assets/HorrorBundleSfx/PACK - HauntedHouse/Male_Voice_v1/sfx_male_human_voice_ah_01_wav.wav
  artifactKey: Guid(0d883de9f385cf448bbc92d7e4c00267) Importer(815301076,1909f56bfc062723c751e8b465ee728b)
Start importing Assets/Assets/HorrorBundleSfx/PACK - HauntedHouse/Male_Voice_v1/sfx_male_human_voice_ah_01_wav.wav using Guid(0d883de9f385cf448bbc92d7e4c00267) Importer(815301076,1909f56bfc062723c751e8b465ee728b)  -> (artifact id: 'a0be7448c626c8b4c5bde827828009cd') in 0.013223 seconds
Number of updated asset objects reloaded before import = 0
Number of asset objects unloaded after import = 2
========================================================================
Received Import Request.
  Time since last request: 0.000019 seconds.
  path: Assets/Assets/HorrorBundleSfx/PACK - HauntedHouse/Male_Voice_v1/sfx_male_human_voice_ah_angry_02_wav.wav
  artifactKey: Guid(f21423c5b1cbb4b4ea0fdd91d8437d27) Importer(815301076,1909f56bfc062723c751e8b465ee728b)
Start importing Assets/Assets/HorrorBundleSfx/PACK - HauntedHouse/Male_Voice_v1/sfx_male_human_voice_ah_angry_02_wav.wav using Guid(f21423c5b1cbb4b4ea0fdd91d8437d27) Importer(815301076,1909f56bfc062723c751e8b465ee728b)  -> (artifact id: 'bfbbd8ca87f30832553b0cba7448dac8') in 0.017851 seconds
Number of updated asset objects reloaded before import = 0
Number of asset objects unloaded after import = 2
========================================================================
Received Import Request.
  Time since last request: 0.000048 seconds.
  path: Assets/Assets/HorrorBundleSfx/PACK - HauntedHouse/Male_Voice_v1/sfx_male_human_laugh_02_wav.wav
  artifactKey: Guid(5665e57ce07aef44ca6a0f147519932f) Importer(815301076,1909f56bfc062723c751e8b465ee728b)
Start importing Assets/Assets/HorrorBundleSfx/PACK - HauntedHouse/Male_Voice_v1/sfx_male_human_laugh_02_wav.wav using Guid(5665e57ce07aef44ca6a0f147519932f) Importer(815301076,1909f56bfc062723c751e8b465ee728b)  -> (artifact id: '3b88f860d5a518ccb30e25593163ddbf') in 0.017463 seconds
Number of updated asset objects reloaded before import = 0
Number of asset objects unloaded after import = 2
========================================================================
Received Import Request.
  Time since last request: 0.000025 seconds.
  path: Assets/Assets/HorrorBundleSfx/PACK - HauntedHouse/Male_Voice_v1/sfx_male_human_roar_01_wav.wav
  artifactKey: Guid(16a4772b6fca1b94489bcf1ca3437384) Importer(815301076,1909f56bfc062723c751e8b465ee728b)
Start importing Assets/Assets/HorrorBundleSfx/PACK - HauntedHouse/Male_Voice_v1/sfx_male_human_roar_01_wav.wav using Guid(16a4772b6fca1b94489bcf1ca3437384) Importer(815301076,1909f56bfc062723c751e8b465ee728b)  -> (artifact id: '4bc7b7c048219614e49a0f4f69b9d898') in 0.047803 seconds
Number of updated asset objects reloaded before import = 0
Number of asset objects unloaded after import = 2
========================================================================
Received Import Request.
  Time since last request: 0.000030 seconds.
  path: Assets/Assets/HorrorBundleSfx/PACK - HauntedHouse/Medical_Monitor_v1/Medical_Monitor_v1_wav.wav
  artifactKey: Guid(b6fe571a6a82d3d49b05ca65d30c3f1f) Importer(815301076,1909f56bfc062723c751e8b465ee728b)
Start importing Assets/Assets/HorrorBundleSfx/PACK - HauntedHouse/Medical_Monitor_v1/Medical_Monitor_v1_wav.wav using Guid(b6fe571a6a82d3d49b05ca65d30c3f1f) Importer(815301076,1909f56bfc062723c751e8b465ee728b)  -> (artifact id: '157349c794372d4d097e6dc882a4bda8') in 0.022632 seconds
Number of updated asset objects reloaded before import = 0
Number of asset objects unloaded after import = 2
========================================================================
Received Import Request.
  Time since last request: 0.270572 seconds.
  path: Assets/Assets/HorrorBundleSfx/PACK - HauntedHouse/Monster_v1/Monster_v1_wav.wav
  artifactKey: Guid(9c23e768f6c3eb6408daa3c4090267b2) Importer(815301076,1909f56bfc062723c751e8b465ee728b)
Start importing Assets/Assets/HorrorBundleSfx/PACK - HauntedHouse/Monster_v1/Monster_v1_wav.wav using Guid(9c23e768f6c3eb6408daa3c4090267b2) Importer(815301076,1909f56bfc062723c751e8b465ee728b)  -> (artifact id: '9f02025ccc550c2cd75b355cc0b207ad') in 0.019192 seconds
Number of updated asset objects reloaded before import = 0
Number of asset objects unloaded after import = 2
========================================================================
Received Import Request.
  Time since last request: 1.444144 seconds.
  path: Assets/Assets/HorrorBundleSfx/PACK - HauntedHouse/Static_v1/Static_v1_multiple_wav.wav
  artifactKey: Guid(324cb91efe58cee4999a7944814ca8f7) Importer(815301076,1909f56bfc062723c751e8b465ee728b)
Start importing Assets/Assets/HorrorBundleSfx/PACK - HauntedHouse/Static_v1/Static_v1_multiple_wav.wav using Guid(324cb91efe58cee4999a7944814ca8f7) Importer(815301076,1909f56bfc062723c751e8b465ee728b)  -> (artifact id: '353c5897cf07a2b132fa42a50779e634') in 0.021498 seconds
Number of updated asset objects reloaded before import = 0
Number of asset objects unloaded after import = 2
========================================================================
Received Import Request.
  Time since last request: 0.000033 seconds.
  path: Assets/Assets/HorrorBundleSfx/PACK - HauntedHouse/Static_v1/Static_v3_multiple_wav.wav
  artifactKey: Guid(1e99194f67cb9574e845c4ff6fdc79cb) Importer(815301076,1909f56bfc062723c751e8b465ee728b)
Start importing Assets/Assets/HorrorBundleSfx/PACK - HauntedHouse/Static_v1/Static_v3_multiple_wav.wav using Guid(1e99194f67cb9574e845c4ff6fdc79cb) Importer(815301076,1909f56bfc062723c751e8b465ee728b)  -> (artifact id: 'd7888f421e763e3a18e778f4e0c86655') in 0.020390 seconds
Number of updated asset objects reloaded before import = 0
Number of asset objects unloaded after import = 2
========================================================================
Received Import Request.
  Time since last request: 0.490324 seconds.
  path: Assets/Assets/HorrorBundleSfx/PACK - HauntedHouse/SoundScape_v1/SoundScape_v1_wav.wav
  artifactKey: Guid(4c5edb44e4f64ca438fa1cdba8d9322c) Importer(815301076,1909f56bfc062723c751e8b465ee728b)
Start importing Assets/Assets/HorrorBundleSfx/PACK - HauntedHouse/SoundScape_v1/SoundScape_v1_wav.wav using Guid(4c5edb44e4f64ca438fa1cdba8d9322c) Importer(815301076,1909f56bfc062723c751e8b465ee728b)  -> (artifact id: 'c7c921c27eb49e86fd7d7e149252df0e') in 0.131651 seconds
Number of updated asset objects reloaded before import = 0
Number of asset objects unloaded after import = 2
========================================================================
Received Import Request.
  Time since last request: 40.034743 seconds.
  path: Assets/Assets/HorrorBundleSfx/PACK - HauntedHouse/Drag_Body_v1/Drag_Body_v1_loop_wav.wav
  artifactKey: Guid(f0b05f7d94e5edc49bc56928181b88ac) Importer(815301076,1909f56bfc062723c751e8b465ee728b)
Start importing Assets/Assets/HorrorBundleSfx/PACK - HauntedHouse/Drag_Body_v1/Drag_Body_v1_loop_wav.wav using Guid(f0b05f7d94e5edc49bc56928181b88ac) Importer(815301076,1909f56bfc062723c751e8b465ee728b)  -> (artifact id: 'c80b3ba22547359ad2b5b928a84ba929') in 0.034263 seconds
Number of updated asset objects reloaded before import = 0
Number of asset objects unloaded after import = 2
========================================================================
Received Import Request.
  Time since last request: 17.452857 seconds.
  path: Assets/Assets/HorrorBundleSfx/PACK - HauntedHouse/Sharping_Knife_v1/Sharping_knife_v1_double_wav.wav
  artifactKey: Guid(41815bbfcfaf4e34b8ebf822a52f8478) Importer(815301076,1909f56bfc062723c751e8b465ee728b)
Start importing Assets/Assets/HorrorBundleSfx/PACK - HauntedHouse/Sharping_Knife_v1/Sharping_knife_v1_double_wav.wav using Guid(41815bbfcfaf4e34b8ebf822a52f8478) Importer(815301076,1909f56bfc062723c751e8b465ee728b)  -> (artifact id: '1898745cfc4fd0603ad627e319a23b3f') in 0.020217 seconds
Number of updated asset objects reloaded before import = 0
Number of asset objects unloaded after import = 2
========================================================================
Received Import Request.
  Time since last request: 0.000022 seconds.
  path: Assets/Assets/HorrorBundleSfx/PACK - HauntedHouse/Sharping_Knife_v1/Sharping_knife_v2_loop_wav.wav
  artifactKey: Guid(7dfe8432e7190e14eb860981d8450332) Importer(815301076,1909f56bfc062723c751e8b465ee728b)
Start importing Assets/Assets/HorrorBundleSfx/PACK - HauntedHouse/Sharping_Knife_v1/Sharping_knife_v2_loop_wav.wav using Guid(7dfe8432e7190e14eb860981d8450332) Importer(815301076,1909f56bfc062723c751e8b465ee728b)  -> (artifact id: '66c027e4c8a2251e2454c6dac710b8d3') in 0.043179 seconds
Number of updated asset objects reloaded before import = 0
Number of asset objects unloaded after import = 2
========================================================================
Received Import Request.
  Time since last request: 16.561030 seconds.
  path: Assets/Assets/HorrorBundleSfx/PACK - Gore/Attacked_01/Attacked_Complete_v1_wav.wav
  artifactKey: Guid(dec03cf2443032d4a8054a8830cc8851) Importer(815301076,1909f56bfc062723c751e8b465ee728b)
Start importing Assets/Assets/HorrorBundleSfx/PACK - Gore/Attacked_01/Attacked_Complete_v1_wav.wav using Guid(dec03cf2443032d4a8054a8830cc8851) Importer(815301076,1909f56bfc062723c751e8b465ee728b)  -> (artifact id: 'e5e7f28d1a3a6402233eb568b301057f') in 0.030311 seconds
Number of updated asset objects reloaded before import = 0
Number of asset objects unloaded after import = 2
========================================================================
Received Import Request.
  Time since last request: 1.067425 seconds.
  path: Assets/Assets/HorrorBundleSfx/PACK - Gore/Explode_01/Explode_Complete_v1_wav.wav
  artifactKey: Guid(b3e007176d50ebd4dbf81018a9f298d8) Importer(815301076,1909f56bfc062723c751e8b465ee728b)
Start importing Assets/Assets/HorrorBundleSfx/PACK - Gore/Explode_01/Explode_Complete_v1_wav.wav using Guid(b3e007176d50ebd4dbf81018a9f298d8) Importer(815301076,1909f56bfc062723c751e8b465ee728b)  -> (artifact id: 'ae4b096460757a72a945073a3c1bac78') in 0.018369 seconds
Number of updated asset objects reloaded before import = 0
Number of asset objects unloaded after import = 2
========================================================================
Received Import Request.
  Time since last request: 0.000021 seconds.
  path: Assets/Assets/HorrorBundleSfx/PACK - Gore/Explode_01/Explode_Gore_Only_v3_wav.wav
  artifactKey: Guid(68885a3a4caa7f14799a7dce80d6d7c3) Importer(815301076,1909f56bfc062723c751e8b465ee728b)
Start importing Assets/Assets/HorrorBundleSfx/PACK - Gore/Explode_01/Explode_Gore_Only_v3_wav.wav using Guid(68885a3a4caa7f14799a7dce80d6d7c3) Importer(815301076,1909f56bfc062723c751e8b465ee728b)  -> (artifact id: '02d372f39b777acdb1c38dccdef04f3e') in 0.017549 seconds
Number of updated asset objects reloaded before import = 0
Number of asset objects unloaded after import = 2
========================================================================
Received Import Request.
  Time since last request: 0.399789 seconds.
  path: Assets/Assets/HorrorBundleSfx/PACK - Gore/Eaten_03/Eaten_Bite_01_v1_wav.wav
  artifactKey: Guid(aaf18e9af234bf443acd1d4427eeda22) Importer(815301076,1909f56bfc062723c751e8b465ee728b)
Start importing Assets/Assets/HorrorBundleSfx/PACK - Gore/Eaten_03/Eaten_Bite_01_v1_wav.wav using Guid(aaf18e9af234bf443acd1d4427eeda22) Importer(815301076,1909f56bfc062723c751e8b465ee728b)  -> (artifact id: '6ed1c15b29a7d1270b14d6ebbbaefeb8') in 0.018156 seconds
Number of updated asset objects reloaded before import = 0
Number of asset objects unloaded after import = 2
========================================================================
Received Import Request.
  Time since last request: 0.000022 seconds.
  path: Assets/Assets/HorrorBundleSfx/PACK - Gore/Eaten_03/Eaten_Bite_04_v1_wav.wav
  artifactKey: Guid(c7ddba2087b8fc6468edc138f387b893) Importer(815301076,1909f56bfc062723c751e8b465ee728b)
Start importing Assets/Assets/HorrorBundleSfx/PACK - Gore/Eaten_03/Eaten_Bite_04_v1_wav.wav using Guid(c7ddba2087b8fc6468edc138f387b893) Importer(815301076,1909f56bfc062723c751e8b465ee728b)  -> (artifact id: '26537bd0e77636a0b2c0de8d4b4b6c1b') in 0.020915 seconds
Number of updated asset objects reloaded before import = 0
Number of asset objects unloaded after import = 2
