Using pre-set license
Built from '2022.3/staging' branch; Version is '2022.3.27f1 (73effa14754f) revision 7598074'; Using compiler version '192829333'; Build Type 'Release'
OS: 'Windows 11  (10.0.22631) 64bit Core' Language: 'ko' Physical Memory: 32627 MB
BatchMode: 1, IsHumanControllingUs: 0, StartBugReporterOnCrash: 0, Is64bit: 1, IsPro: 1

COMMAND LINE ARGUMENTS:
C:\Program Files\Unity\Hub\Editor\2022.3.27f1\Editor\Unity.exe
-adb2
-batchMode
-noUpm
-name
AssetImportWorker2
-projectPath
C:/Users/joshua firenze/Documents/GitHub/RecurringNightmare
-logFile
Logs/AssetImportWorker2.log
-srvPort
51733
Successfully changed project path to: C:/Users/joshua firenze/Documents/GitHub/RecurringNightmare
C:/Users/joshua firenze/Documents/GitHub/RecurringNightmare
[UnityMemory] Configuration Parameters - Can be set up in boot.config
    "memorysetup-bucket-allocator-granularity=16"
    "memorysetup-bucket-allocator-bucket-count=8"
    "memorysetup-bucket-allocator-block-size=33554432"
    "memorysetup-bucket-allocator-block-count=8"
    "memorysetup-main-allocator-block-size=16777216"
    "memorysetup-thread-allocator-block-size=16777216"
    "memorysetup-gfx-main-allocator-block-size=16777216"
    "memorysetup-gfx-thread-allocator-block-size=16777216"
    "memorysetup-cache-allocator-block-size=4194304"
    "memorysetup-typetree-allocator-block-size=2097152"
    "memorysetup-profiler-bucket-allocator-granularity=16"
    "memorysetup-profiler-bucket-allocator-bucket-count=8"
    "memorysetup-profiler-bucket-allocator-block-size=33554432"
    "memorysetup-profiler-bucket-allocator-block-count=8"
    "memorysetup-profiler-allocator-block-size=16777216"
    "memorysetup-profiler-editor-allocator-block-size=1048576"
    "memorysetup-temp-allocator-size-main=16777216"
    "memorysetup-job-temp-allocator-block-size=2097152"
    "memorysetup-job-temp-allocator-block-size-background=1048576"
    "memorysetup-job-temp-allocator-reduction-small-platforms=262144"
    "memorysetup-allocator-temp-initial-block-size-main=262144"
    "memorysetup-allocator-temp-initial-block-size-worker=262144"
    "memorysetup-temp-allocator-size-background-worker=32768"
    "memorysetup-temp-allocator-size-job-worker=262144"
    "memorysetup-temp-allocator-size-preload-manager=33554432"
    "memorysetup-temp-allocator-size-nav-mesh-worker=65536"
    "memorysetup-temp-allocator-size-audio-worker=65536"
    "memorysetup-temp-allocator-size-cloud-worker=32768"
    "memorysetup-temp-allocator-size-gi-baking-worker=262144"
    "memorysetup-temp-allocator-size-gfx=262144"
Player connection [8656] Host "[IP] 192.168.45.147 [Port] 0 [Flags] 2 [Guid] 1696427940 [EditorId] 1696427940 [Version] 1048832 [Id] WindowsEditor(7,DESKTOP-3ONHQQT) [Debug] 1 [PackageName] WindowsEditor [ProjectName] Editor" joined multi-casting on [225.0.0.222:54997]...

Player connection [8656] Host "[IP] 192.168.45.147 [Port] 0 [Flags] 2 [Guid] 1696427940 [EditorId] 1696427940 [Version] 1048832 [Id] WindowsEditor(7,DESKTOP-3ONHQQT) [Debug] 1 [PackageName] WindowsEditor [ProjectName] Editor" joined alternative multi-casting on [225.0.0.222:34997]...

[Physics::Module] Initialized MultithreadedJobDispatcher with 11 workers.
Refreshing native plugins compatible for Editor in 16.71 ms, found 3 plugins.
Preloading 0 native plugins for Editor in 0.00 ms.
Initialize engine version: 2022.3.27f1 (73effa14754f)
[Subsystems] Discovering subsystems at path C:/Program Files/Unity/Hub/Editor/2022.3.27f1/Editor/Data/Resources/UnitySubsystems
[Subsystems] Discovering subsystems at path C:/Users/joshua firenze/Documents/GitHub/RecurringNightmare/Assets
GfxDevice: creating device client; threaded=0; jobified=0
Direct3D:
    Version:  Direct3D 11.0 [level 11.1]
    Renderer: NVIDIA GeForce RTX 3060 (ID=0x2544)
    Vendor:   NVIDIA
    VRAM:     8049 MB
    Driver:   31.0.15.3699
Initialize mono
Mono path[0] = 'C:/Program Files/Unity/Hub/Editor/2022.3.27f1/Editor/Data/Managed'
Mono path[1] = 'C:/Program Files/Unity/Hub/Editor/2022.3.27f1/Editor/Data/MonoBleedingEdge/lib/mono/unityjit-win32'
Mono config path = 'C:/Program Files/Unity/Hub/Editor/2022.3.27f1/Editor/Data/MonoBleedingEdge/etc'
Using monoOptions --debugger-agent=transport=dt_socket,embedding=1,server=y,suspend=n,address=127.0.0.1:56616
Begin MonoManager ReloadAssembly
Registering precompiled unity dll's ...
Register platform support module: C:/Program Files/Unity/Hub/Editor/2022.3.27f1/Editor/Data/PlaybackEngines/WindowsStandaloneSupport/UnityEditor.WindowsStandalone.Extensions.dll
Registered in 0.006542 seconds.
- Loaded All Assemblies, in  0.252 seconds
Native extension for WindowsStandalone target not found
Mono: successfully reloaded assembly
- Finished resetting the current domain, in  0.204 seconds
Domain Reload Profiling: 455ms
	BeginReloadAssembly (83ms)
		ExecutionOrderSort (0ms)
		DisableScriptedObjects (0ms)
		BackupInstance (0ms)
		ReleaseScriptingObjects (0ms)
		CreateAndSetChildDomain (1ms)
	RebuildCommonClasses (24ms)
	RebuildNativeTypeToScriptingClass (7ms)
	initialDomainReloadingComplete (46ms)
	LoadAllAssembliesAndSetupDomain (91ms)
		LoadAssemblies (82ms)
		RebuildTransferFunctionScriptingTraits (0ms)
		AnalyzeDomain (89ms)
			TypeCache.Refresh (88ms)
				TypeCache.ScanAssembly (79ms)
			ScanForSourceGeneratedMonoScriptInfo (0ms)
			ResolveRequiredComponents (0ms)
	FinalizeReload (205ms)
		ReleaseScriptCaches (0ms)
		RebuildScriptCaches (0ms)
		SetupLoadedEditorAssemblies (155ms)
			LogAssemblyErrors (0ms)
			InitializePlatformSupportModulesInManaged (6ms)
			SetLoadedEditorAssemblies (5ms)
			RefreshPlugins (0ms)
			BeforeProcessingInitializeOnLoad (1ms)
			ProcessInitializeOnLoadAttributes (106ms)
			ProcessInitializeOnLoadMethodAttributes (36ms)
			AfterProcessingInitializeOnLoad (0ms)
			EditorAssembliesLoaded (0ms)
		ExecutionOrderSort2 (0ms)
		AwakeInstancesAfterBackupRestoration (0ms)
========================================================================
Worker process is ready to serve import requests
Begin MonoManager ReloadAssembly
- Loaded All Assemblies, in  0.549 seconds
Refreshing native plugins compatible for Editor in 4.97 ms, found 3 plugins.
Native extension for WindowsStandalone target not found
Package Manager log level set to [2]
[Package Manager] Server::EnsureServerProcessIsRunning -- launch failed, reason: Unity was launched with the -noUpm command-line argument
[Package Manager] UpmClient::Send -- Unable to send message (not connected to UPM process).
[Package Manager] Cannot connect to Unity Package Manager local server
Mono: successfully reloaded assembly
- Finished resetting the current domain, in  0.460 seconds
Domain Reload Profiling: 1007ms
	BeginReloadAssembly (133ms)
		ExecutionOrderSort (0ms)
		DisableScriptedObjects (3ms)
		BackupInstance (0ms)
		ReleaseScriptingObjects (0ms)
		CreateAndSetChildDomain (24ms)
	RebuildCommonClasses (25ms)
	RebuildNativeTypeToScriptingClass (8ms)
	initialDomainReloadingComplete (33ms)
	LoadAllAssembliesAndSetupDomain (348ms)
		LoadAssemblies (283ms)
		RebuildTransferFunctionScriptingTraits (0ms)
		AnalyzeDomain (137ms)
			TypeCache.Refresh (113ms)
				TypeCache.ScanAssembly (102ms)
			ScanForSourceGeneratedMonoScriptInfo (16ms)
			ResolveRequiredComponents (7ms)
	FinalizeReload (460ms)
		ReleaseScriptCaches (0ms)
		RebuildScriptCaches (0ms)
		SetupLoadedEditorAssemblies (354ms)
			LogAssemblyErrors (0ms)
			InitializePlatformSupportModulesInManaged (6ms)
			SetLoadedEditorAssemblies (2ms)
			RefreshPlugins (0ms)
			BeforeProcessingInitializeOnLoad (54ms)
			ProcessInitializeOnLoadAttributes (238ms)
			ProcessInitializeOnLoadMethodAttributes (48ms)
			AfterProcessingInitializeOnLoad (6ms)
			EditorAssembliesLoaded (0ms)
		ExecutionOrderSort2 (0ms)
		AwakeInstancesAfterBackupRestoration (5ms)
Failed to load shader (instanceID 11992, GUID e4e5d566a8aa9914c906555a6857fcb9)
Launched and connected shader compiler UnityShaderCompiler.exe after 0.04 seconds
Refreshing native plugins compatible for Editor in 4.53 ms, found 3 plugins.
Preloading 0 native plugins for Editor in 0.00 ms.
Unloading 4957 Unused Serialized files (Serialized files now loaded: 0)
Unloading 72 unused Assets / (351.3 KB). Loaded Objects now: 5436.
Memory consumption went from 206.9 MB to 206.6 MB.
Total: 2.496400 ms (FindLiveObjects: 0.258500 ms CreateObjectMapping: 0.168300 ms MarkObjects: 1.921700 ms  DeleteObjects: 0.147300 ms)

AssetImportParameters requested are different than current active one (requested -> active):
  custom:container-demuxer-ogg: 62fdf1f143b41e24485cea50d1cbac27 -> 
  custom:video-decoder-ogg-theora: a1e56fd34408186e4bbccfd4996cb3dc -> 
  custom:framework-win-MediaFoundation: 216162199b28c13a410421893ffa2e32 -> 
  custom:CustomObjectIndexerAttribute: 72b91833f83ae208fae7752999fa3104 -> 
  custom:container-demuxer-webm: 4f35f7cbe854078d1ac9338744f61a02 -> 
  custom:container-muxer-webm: aa71ff27fc2769a1b78a27578f13a17b -> 
  custom:video-decoder-webm-vp8: 9c59270c3fd7afecdb556c50c9e8de78 -> 
  custom:SearchIndexIgnoredProperties: e643bd26f0fe6173181afceb89e7c659 -> 
  custom:AudioImporter_EditorPlatform: d09bf68614088b80899f8185d706f6e7 -> 
  custom:video-encoder-webm-vp8: eb34c28f22e8b96e1ab97ce403110664 -> 
  custom:audio-decoder-ogg-vorbis: bf7c407c2cedff20999df2af8eb42d56 -> 
  custom:audio-encoder-webm-vorbis: bf7c407c2cedff20999df2af8eb42d56 -> 
========================================================================
Received Import Request.
  Time since last request: 152880.728087 seconds.
  path: Assets/Assets/Hospital_level_pack/Hospital_floor/Materials/New Material.mat
  artifactKey: Guid(9c14487654890d644bcaa54785f7c4f7) Importer(815301076,1909f56bfc062723c751e8b465ee728b)
Start importing Assets/Assets/Hospital_level_pack/Hospital_floor/Materials/New Material.mat using Guid(9c14487654890d644bcaa54785f7c4f7) Importer(815301076,1909f56bfc062723c751e8b465ee728b)  -> (artifact id: 'e64819bf6d3e4d925e342ea35ba55dfa') in 0.236977 seconds
Number of updated asset objects reloaded before import = 0
Number of asset objects unloaded after import = 3
========================================================================
Received Import Request.
  Time since last request: 189.739411 seconds.
  path: Assets/Assets/Hospital_level_pack/Hospital_floor/Materials/Dark.mat
  artifactKey: Guid(9c14487654890d644bcaa54785f7c4f7) Importer(815301076,1909f56bfc062723c751e8b465ee728b)
Start importing Assets/Assets/Hospital_level_pack/Hospital_floor/Materials/Dark.mat using Guid(9c14487654890d644bcaa54785f7c4f7) Importer(815301076,1909f56bfc062723c751e8b465ee728b)  -> (artifact id: 'ca09987d28c7379928147eaa8d4f5da3') in 0.520480 seconds
Number of updated asset objects reloaded before import = 0
Number of asset objects unloaded after import = 2
========================================================================
Received Import Request.
  Time since last request: 213.820087 seconds.
  path: Assets/Assets/Hospital_level_pack/Morgue/Models/Celling_Floor.fbx
  artifactKey: Guid(68ac445fc580a7c46a0091d45b1ff118) Importer(815301076,1909f56bfc062723c751e8b465ee728b)
Start importing Assets/Assets/Hospital_level_pack/Morgue/Models/Celling_Floor.fbx using Guid(68ac445fc580a7c46a0091d45b1ff118) Importer(815301076,1909f56bfc062723c751e8b465ee728b)  -> (artifact id: 'ce06dc4936bea29cd13da5999e956b8b') in 0.328749 seconds
Number of updated asset objects reloaded before import = 0
Number of asset objects unloaded after import = 30
========================================================================
Received Import Request.
  Time since last request: 0.000025 seconds.
  path: Assets/Assets/Hospital_level_pack/Morgue/Models/Shower.fbx
  artifactKey: Guid(fedb78163c509314ab9eed98bce091a5) Importer(815301076,1909f56bfc062723c751e8b465ee728b)
Start importing Assets/Assets/Hospital_level_pack/Morgue/Models/Shower.fbx using Guid(fedb78163c509314ab9eed98bce091a5) Importer(815301076,1909f56bfc062723c751e8b465ee728b)  -> (artifact id: '18b379614f6b01fc1c98bbe83ac19cd2') in 0.070669 seconds
Number of updated asset objects reloaded before import = 0
Number of asset objects unloaded after import = 21
========================================================================
Received Import Request.
  Time since last request: 2.867723 seconds.
  path: Assets/Assets/Hospital_level_pack/Morgue/Prefab/Bathroom_wall_2.prefab
  artifactKey: Guid(03146ca9d82f38947a4cf6fc343aa15a) Importer(815301076,1909f56bfc062723c751e8b465ee728b)
Start importing Assets/Assets/Hospital_level_pack/Morgue/Prefab/Bathroom_wall_2.prefab using Guid(03146ca9d82f38947a4cf6fc343aa15a) Importer(815301076,1909f56bfc062723c751e8b465ee728b)  -> (artifact id: 'ab2651ab9bb0a301753feb838e5bae02') in 0.043939 seconds
Number of updated asset objects reloaded before import = 0
Number of asset objects unloaded after import = 14
========================================================================
Received Import Request.
  Time since last request: 3.937786 seconds.
  path: Assets/Assets/Hospital_level_pack/Hospital_floor/Models/flight_of_stairs.fbx
  artifactKey: Guid(fc890cab5f72fb04187bba9aba004c7d) Importer(815301076,1909f56bfc062723c751e8b465ee728b)
Start importing Assets/Assets/Hospital_level_pack/Hospital_floor/Models/flight_of_stairs.fbx using Guid(fc890cab5f72fb04187bba9aba004c7d) Importer(815301076,1909f56bfc062723c751e8b465ee728b)  -> (artifact id: '3ec5d5cfd994f26c10c3eb7a1eabb5f9') in 0.106560 seconds
Number of updated asset objects reloaded before import = 0
Number of asset objects unloaded after import = 27
========================================================================
Received Import Request.
  Time since last request: 0.000021 seconds.
  path: Assets/Assets/Hospital_level_pack/Hospital_floor/Models/mattress.fbx
  artifactKey: Guid(65ebfd33e2e159f4bbb93eb783d86780) Importer(815301076,1909f56bfc062723c751e8b465ee728b)
Start importing Assets/Assets/Hospital_level_pack/Hospital_floor/Models/mattress.fbx using Guid(65ebfd33e2e159f4bbb93eb783d86780) Importer(815301076,1909f56bfc062723c751e8b465ee728b)  -> (artifact id: '51f1d5d8f9257dba6070c503ee945d04') in 0.050701 seconds
Number of updated asset objects reloaded before import = 0
Number of asset objects unloaded after import = 14
========================================================================
Received Import Request.
  Time since last request: 0.000029 seconds.
  path: Assets/Assets/Hospital_level_pack/Hospital_floor/Models/Prop.fbx
  artifactKey: Guid(fc4790c9e2cf297418313ef5f3d08991) Importer(815301076,1909f56bfc062723c751e8b465ee728b)
Start importing Assets/Assets/Hospital_level_pack/Hospital_floor/Models/Prop.fbx using Guid(fc4790c9e2cf297418313ef5f3d08991) Importer(815301076,1909f56bfc062723c751e8b465ee728b)  -> (artifact id: 'f68ad95afb826c323252c2fcf18e6b5a') in 0.143922 seconds
Number of updated asset objects reloaded before import = 0
Number of asset objects unloaded after import = 106
========================================================================
Received Import Request.
  Time since last request: 2.874443 seconds.
  path: Assets/Assets/Hospital_level_pack/Hospital_floor/Prefab/Ark_door.prefab
  artifactKey: Guid(bf1aa9b0f2baf964ca45e1a5d9afd617) Importer(815301076,1909f56bfc062723c751e8b465ee728b)
Start importing Assets/Assets/Hospital_level_pack/Hospital_floor/Prefab/Ark_door.prefab using Guid(bf1aa9b0f2baf964ca45e1a5d9afd617) Importer(815301076,1909f56bfc062723c751e8b465ee728b)  -> (artifact id: '52d04510ff4c5ce6ab9f6cfc553841d9') in 0.025352 seconds
Number of updated asset objects reloaded before import = 0
Number of asset objects unloaded after import = 24
========================================================================
Received Import Request.
  Time since last request: 0.000017 seconds.
  path: Assets/Assets/Hospital_level_pack/Hospital_floor/Prefab/boiler.prefab
  artifactKey: Guid(f752f270fcab0174cab8eda93d85afdc) Importer(815301076,1909f56bfc062723c751e8b465ee728b)
Start importing Assets/Assets/Hospital_level_pack/Hospital_floor/Prefab/boiler.prefab using Guid(f752f270fcab0174cab8eda93d85afdc) Importer(815301076,1909f56bfc062723c751e8b465ee728b)  -> (artifact id: '8e0976fd1bee0987ae54077ed8c396e0') in 0.034540 seconds
Number of updated asset objects reloaded before import = 0
Number of asset objects unloaded after import = 15
========================================================================
Received Import Request.
  Time since last request: 0.000016 seconds.
  path: Assets/Assets/Hospital_level_pack/Hospital_floor/Prefab/Bench.prefab
  artifactKey: Guid(758d63bcb325cf54f8c718ccfde24a95) Importer(815301076,1909f56bfc062723c751e8b465ee728b)
Start importing Assets/Assets/Hospital_level_pack/Hospital_floor/Prefab/Bench.prefab using Guid(758d63bcb325cf54f8c718ccfde24a95) Importer(815301076,1909f56bfc062723c751e8b465ee728b)  -> (artifact id: '5af6ec8197ada00e02e5760521ab1e6b') in 0.027085 seconds
Number of updated asset objects reloaded before import = 0
Number of asset objects unloaded after import = 14
========================================================================
Received Import Request.
  Time since last request: 0.000017 seconds.
  path: Assets/Assets/Hospital_level_pack/Hospital_floor/Prefab/floor_lamp.prefab
  artifactKey: Guid(0b7f3d50d88d35a4fb8450ea8049e386) Importer(815301076,1909f56bfc062723c751e8b465ee728b)
Start importing Assets/Assets/Hospital_level_pack/Hospital_floor/Prefab/floor_lamp.prefab using Guid(0b7f3d50d88d35a4fb8450ea8049e386) Importer(815301076,1909f56bfc062723c751e8b465ee728b)  -> (artifact id: '559823f091fff3f5a938e06bc47a60d0') in 0.031684 seconds
Number of updated asset objects reloaded before import = 0
Number of asset objects unloaded after import = 15
========================================================================
Received Import Request.
  Time since last request: 0.000022 seconds.
  path: Assets/Assets/Hospital_level_pack/Hospital_floor/Prefab/Hospital_wall_1.prefab
  artifactKey: Guid(85e3420e43c29de4eb5146c616cf5f49) Importer(815301076,1909f56bfc062723c751e8b465ee728b)
Start importing Assets/Assets/Hospital_level_pack/Hospital_floor/Prefab/Hospital_wall_1.prefab using Guid(85e3420e43c29de4eb5146c616cf5f49) Importer(815301076,1909f56bfc062723c751e8b465ee728b)  -> (artifact id: '3b4863e4fb2ea82aceaaf6be0072677e') in 0.034544 seconds
Number of updated asset objects reloaded before import = 0
Number of asset objects unloaded after import = 14
========================================================================
Received Import Request.
  Time since last request: 0.000023 seconds.
  path: Assets/Assets/Hospital_level_pack/Hospital_floor/Prefab/Hospital_floor.prefab
  artifactKey: Guid(3ac5754d36ec1ba4bafc8966bde4f188) Importer(815301076,1909f56bfc062723c751e8b465ee728b)
Start importing Assets/Assets/Hospital_level_pack/Hospital_floor/Prefab/Hospital_floor.prefab using Guid(3ac5754d36ec1ba4bafc8966bde4f188) Importer(815301076,1909f56bfc062723c751e8b465ee728b)  -> (artifact id: '582c787e1a8d8bc300365632bf42cad2') in 0.019243 seconds
Number of updated asset objects reloaded before import = 0
Number of asset objects unloaded after import = 13
========================================================================
Received Import Request.
  Time since last request: 0.000027 seconds.
  path: Assets/Assets/Hospital_level_pack/Hospital_floor/Prefab/commode_1.prefab
  artifactKey: Guid(b11d0195275792b4394e3718f62151be) Importer(815301076,1909f56bfc062723c751e8b465ee728b)
Start importing Assets/Assets/Hospital_level_pack/Hospital_floor/Prefab/commode_1.prefab using Guid(b11d0195275792b4394e3718f62151be) Importer(815301076,1909f56bfc062723c751e8b465ee728b)  -> (artifact id: '0f913e2c0c68b2008f06d06173417aff') in 0.023226 seconds
Number of updated asset objects reloaded before import = 0
Number of asset objects unloaded after import = 19
========================================================================
Received Import Request.
  Time since last request: 0.000017 seconds.
  path: Assets/Assets/Hospital_level_pack/Hospital_floor/Prefab/Hospital_celling.prefab
  artifactKey: Guid(cc54f1be370bec748ac321d84d85ffe3) Importer(815301076,1909f56bfc062723c751e8b465ee728b)
Start importing Assets/Assets/Hospital_level_pack/Hospital_floor/Prefab/Hospital_celling.prefab using Guid(cc54f1be370bec748ac321d84d85ffe3) Importer(815301076,1909f56bfc062723c751e8b465ee728b)  -> (artifact id: '5923a98e29e30da280dc7b5d968d0c3e') in 0.013880 seconds
Number of updated asset objects reloaded before import = 0
Number of asset objects unloaded after import = 13
========================================================================
Received Import Request.
  Time since last request: 19.660665 seconds.
  path: Assets/Assets/Hospital_level_pack/Hospital_floor/Prefab/Prop.prefab
  artifactKey: Guid(bc179e612d0d2254381cb1980eb5a585) Importer(815301076,1909f56bfc062723c751e8b465ee728b)
Start importing Assets/Assets/Hospital_level_pack/Hospital_floor/Prefab/Prop.prefab using Guid(bc179e612d0d2254381cb1980eb5a585) Importer(815301076,1909f56bfc062723c751e8b465ee728b)  -> (artifact id: '9745de9a7997948bef5a405a64a587f3') in 0.034980 seconds
Number of updated asset objects reloaded before import = 0
Number of asset objects unloaded after import = 106
========================================================================
Received Import Request.
  Time since last request: 0.481733 seconds.
  path: Assets/Assets/Hospital_level_pack/Hospital_floor/Prefab/wall_ark_3.prefab
  artifactKey: Guid(941ef693dc583904095efa845870065f) Importer(815301076,1909f56bfc062723c751e8b465ee728b)
Start importing Assets/Assets/Hospital_level_pack/Hospital_floor/Prefab/wall_ark_3.prefab using Guid(941ef693dc583904095efa845870065f) Importer(815301076,1909f56bfc062723c751e8b465ee728b)  -> (artifact id: '57523f49962e0e922522d3c75a679f4a') in 0.026197 seconds
Number of updated asset objects reloaded before import = 0
Number of asset objects unloaded after import = 14
========================================================================
Received Import Request.
  Time since last request: 0.020053 seconds.
  path: Assets/Assets/Hospital_level_pack/Hospital_floor/Prefab/wooden_partition_3.prefab
  artifactKey: Guid(b65255c8d52f1c24eb8b8a50205c85d6) Importer(815301076,1909f56bfc062723c751e8b465ee728b)
Start importing Assets/Assets/Hospital_level_pack/Hospital_floor/Prefab/wooden_partition_3.prefab using Guid(b65255c8d52f1c24eb8b8a50205c85d6) Importer(815301076,1909f56bfc062723c751e8b465ee728b)  -> (artifact id: '0bb4482b6bed2753f82c7abba9131ba7') in 0.019119 seconds
Number of updated asset objects reloaded before import = 0
Number of asset objects unloaded after import = 14
