Using pre-set license
Built from '2022.3/staging' branch; Version is '2022.3.27f1 (73effa14754f) revision 7598074'; Using compiler version '192829333'; Build Type 'Release'
OS: 'Windows 11  (10.0.22631) 64bit Core' Language: 'ko' Physical Memory: 32627 MB
BatchMode: 1, IsHumanControllingUs: 0, StartBugReporterOnCrash: 0, Is64bit: 1, IsPro: 1

COMMAND LINE ARGUMENTS:
C:\Program Files\Unity\Hub\Editor\2022.3.27f1\Editor\Unity.exe
-adb2
-batchMode
-noUpm
-name
AssetImportWorker1
-projectPath
C:/Users/joshua firenze/Documents/GitHub/RecurringNightmare
-logFile
Logs/AssetImportWorker1.log
-srvPort
51733
Successfully changed project path to: C:/Users/joshua firenze/Documents/GitHub/RecurringNightmare
C:/Users/joshua firenze/Documents/GitHub/RecurringNightmare
[UnityMemory] Configuration Parameters - Can be set up in boot.config
    "memorysetup-bucket-allocator-granularity=16"
    "memorysetup-bucket-allocator-bucket-count=8"
    "memorysetup-bucket-allocator-block-size=33554432"
    "memorysetup-bucket-allocator-block-count=8"
    "memorysetup-main-allocator-block-size=16777216"
    "memorysetup-thread-allocator-block-size=16777216"
    "memorysetup-gfx-main-allocator-block-size=16777216"
    "memorysetup-gfx-thread-allocator-block-size=16777216"
    "memorysetup-cache-allocator-block-size=4194304"
    "memorysetup-typetree-allocator-block-size=2097152"
    "memorysetup-profiler-bucket-allocator-granularity=16"
    "memorysetup-profiler-bucket-allocator-bucket-count=8"
    "memorysetup-profiler-bucket-allocator-block-size=33554432"
    "memorysetup-profiler-bucket-allocator-block-count=8"
    "memorysetup-profiler-allocator-block-size=16777216"
    "memorysetup-profiler-editor-allocator-block-size=1048576"
    "memorysetup-temp-allocator-size-main=16777216"
    "memorysetup-job-temp-allocator-block-size=2097152"
    "memorysetup-job-temp-allocator-block-size-background=1048576"
    "memorysetup-job-temp-allocator-reduction-small-platforms=262144"
    "memorysetup-allocator-temp-initial-block-size-main=262144"
    "memorysetup-allocator-temp-initial-block-size-worker=262144"
    "memorysetup-temp-allocator-size-background-worker=32768"
    "memorysetup-temp-allocator-size-job-worker=262144"
    "memorysetup-temp-allocator-size-preload-manager=33554432"
    "memorysetup-temp-allocator-size-nav-mesh-worker=65536"
    "memorysetup-temp-allocator-size-audio-worker=65536"
    "memorysetup-temp-allocator-size-cloud-worker=32768"
    "memorysetup-temp-allocator-size-gi-baking-worker=262144"
    "memorysetup-temp-allocator-size-gfx=262144"
Player connection [28028] Host "[IP] 192.168.45.147 [Port] 0 [Flags] 2 [Guid] 2526627734 [EditorId] 2526627734 [Version] 1048832 [Id] WindowsEditor(7,DESKTOP-3ONHQQT) [Debug] 1 [PackageName] WindowsEditor [ProjectName] Editor" joined multi-casting on [225.0.0.222:54997]...

Player connection [28028] Host "[IP] 192.168.45.147 [Port] 0 [Flags] 2 [Guid] 2526627734 [EditorId] 2526627734 [Version] 1048832 [Id] WindowsEditor(7,DESKTOP-3ONHQQT) [Debug] 1 [PackageName] WindowsEditor [ProjectName] Editor" joined alternative multi-casting on [225.0.0.222:34997]...

[Physics::Module] Initialized MultithreadedJobDispatcher with 11 workers.
Refreshing native plugins compatible for Editor in 16.34 ms, found 3 plugins.
Preloading 0 native plugins for Editor in 0.00 ms.
Initialize engine version: 2022.3.27f1 (73effa14754f)
[Subsystems] Discovering subsystems at path C:/Program Files/Unity/Hub/Editor/2022.3.27f1/Editor/Data/Resources/UnitySubsystems
[Subsystems] Discovering subsystems at path C:/Users/joshua firenze/Documents/GitHub/RecurringNightmare/Assets
GfxDevice: creating device client; threaded=0; jobified=0
Direct3D:
    Version:  Direct3D 11.0 [level 11.1]
    Renderer: NVIDIA GeForce RTX 3060 (ID=0x2544)
    Vendor:   NVIDIA
    VRAM:     8049 MB
    Driver:   31.0.15.3699
Initialize mono
Mono path[0] = 'C:/Program Files/Unity/Hub/Editor/2022.3.27f1/Editor/Data/Managed'
Mono path[1] = 'C:/Program Files/Unity/Hub/Editor/2022.3.27f1/Editor/Data/MonoBleedingEdge/lib/mono/unityjit-win32'
Mono config path = 'C:/Program Files/Unity/Hub/Editor/2022.3.27f1/Editor/Data/MonoBleedingEdge/etc'
Using monoOptions --debugger-agent=transport=dt_socket,embedding=1,server=y,suspend=n,address=127.0.0.1:56644
Begin MonoManager ReloadAssembly
Registering precompiled unity dll's ...
Register platform support module: C:/Program Files/Unity/Hub/Editor/2022.3.27f1/Editor/Data/PlaybackEngines/WindowsStandaloneSupport/UnityEditor.WindowsStandalone.Extensions.dll
Registered in 0.008873 seconds.
- Loaded All Assemblies, in  0.304 seconds
Native extension for WindowsStandalone target not found
Mono: successfully reloaded assembly
- Finished resetting the current domain, in  0.213 seconds
Domain Reload Profiling: 515ms
	BeginReloadAssembly (101ms)
		ExecutionOrderSort (0ms)
		DisableScriptedObjects (0ms)
		BackupInstance (0ms)
		ReleaseScriptingObjects (0ms)
		CreateAndSetChildDomain (1ms)
	RebuildCommonClasses (25ms)
	RebuildNativeTypeToScriptingClass (8ms)
	initialDomainReloadingComplete (56ms)
	LoadAllAssembliesAndSetupDomain (111ms)
		LoadAssemblies (98ms)
		RebuildTransferFunctionScriptingTraits (0ms)
		AnalyzeDomain (109ms)
			TypeCache.Refresh (108ms)
				TypeCache.ScanAssembly (98ms)
			ScanForSourceGeneratedMonoScriptInfo (0ms)
			ResolveRequiredComponents (0ms)
	FinalizeReload (213ms)
		ReleaseScriptCaches (0ms)
		RebuildScriptCaches (0ms)
		SetupLoadedEditorAssemblies (168ms)
			LogAssemblyErrors (0ms)
			InitializePlatformSupportModulesInManaged (9ms)
			SetLoadedEditorAssemblies (6ms)
			RefreshPlugins (0ms)
			BeforeProcessingInitializeOnLoad (2ms)
			ProcessInitializeOnLoadAttributes (114ms)
			ProcessInitializeOnLoadMethodAttributes (38ms)
			AfterProcessingInitializeOnLoad (0ms)
			EditorAssembliesLoaded (0ms)
		ExecutionOrderSort2 (0ms)
		AwakeInstancesAfterBackupRestoration (0ms)
========================================================================
Worker process is ready to serve import requests
Begin MonoManager ReloadAssembly
- Loaded All Assemblies, in  0.615 seconds
Refreshing native plugins compatible for Editor in 6.15 ms, found 3 plugins.
Native extension for WindowsStandalone target not found
Package Manager log level set to [2]
[Package Manager] Server::EnsureServerProcessIsRunning -- launch failed, reason: Unity was launched with the -noUpm command-line argument
[Package Manager] UpmClient::Send -- Unable to send message (not connected to UPM process).
[Package Manager] Cannot connect to Unity Package Manager local server
Mono: successfully reloaded assembly
- Finished resetting the current domain, in  0.531 seconds
Domain Reload Profiling: 1142ms
	BeginReloadAssembly (127ms)
		ExecutionOrderSort (0ms)
		DisableScriptedObjects (4ms)
		BackupInstance (0ms)
		ReleaseScriptingObjects (0ms)
		CreateAndSetChildDomain (16ms)
	RebuildCommonClasses (28ms)
	RebuildNativeTypeToScriptingClass (8ms)
	initialDomainReloadingComplete (42ms)
	LoadAllAssembliesAndSetupDomain (406ms)
		LoadAssemblies (325ms)
		RebuildTransferFunctionScriptingTraits (0ms)
		AnalyzeDomain (161ms)
			TypeCache.Refresh (125ms)
				TypeCache.ScanAssembly (112ms)
			ScanForSourceGeneratedMonoScriptInfo (20ms)
			ResolveRequiredComponents (15ms)
	FinalizeReload (532ms)
		ReleaseScriptCaches (0ms)
		RebuildScriptCaches (0ms)
		SetupLoadedEditorAssemblies (412ms)
			LogAssemblyErrors (0ms)
			InitializePlatformSupportModulesInManaged (6ms)
			SetLoadedEditorAssemblies (2ms)
			RefreshPlugins (0ms)
			BeforeProcessingInitializeOnLoad (63ms)
			ProcessInitializeOnLoadAttributes (276ms)
			ProcessInitializeOnLoadMethodAttributes (57ms)
			AfterProcessingInitializeOnLoad (7ms)
			EditorAssembliesLoaded (0ms)
		ExecutionOrderSort2 (0ms)
		AwakeInstancesAfterBackupRestoration (7ms)
Failed to load shader (instanceID 11992, GUID e4e5d566a8aa9914c906555a6857fcb9)
Launched and connected shader compiler UnityShaderCompiler.exe after 0.05 seconds
Refreshing native plugins compatible for Editor in 6.12 ms, found 3 plugins.
Preloading 0 native plugins for Editor in 0.00 ms.
Unloading 4957 Unused Serialized files (Serialized files now loaded: 0)
Unloading 72 unused Assets / (351.6 KB). Loaded Objects now: 5436.
Memory consumption went from 206.7 MB to 206.4 MB.
Total: 2.567600 ms (FindLiveObjects: 0.263600 ms CreateObjectMapping: 0.169600 ms MarkObjects: 1.975000 ms  DeleteObjects: 0.158300 ms)

AssetImportParameters requested are different than current active one (requested -> active):
  custom:container-demuxer-ogg: 62fdf1f143b41e24485cea50d1cbac27 -> 
  custom:video-decoder-ogg-theora: a1e56fd34408186e4bbccfd4996cb3dc -> 
  custom:framework-win-MediaFoundation: 216162199b28c13a410421893ffa2e32 -> 
  custom:CustomObjectIndexerAttribute: 72b91833f83ae208fae7752999fa3104 -> 
  custom:container-demuxer-webm: 4f35f7cbe854078d1ac9338744f61a02 -> 
  custom:container-muxer-webm: aa71ff27fc2769a1b78a27578f13a17b -> 
  custom:video-decoder-webm-vp8: 9c59270c3fd7afecdb556c50c9e8de78 -> 
  custom:SearchIndexIgnoredProperties: e643bd26f0fe6173181afceb89e7c659 -> 
  custom:AudioImporter_EditorPlatform: d09bf68614088b80899f8185d706f6e7 -> 
  custom:video-encoder-webm-vp8: eb34c28f22e8b96e1ab97ce403110664 -> 
  custom:audio-decoder-ogg-vorbis: bf7c407c2cedff20999df2af8eb42d56 -> 
  custom:audio-encoder-webm-vorbis: bf7c407c2cedff20999df2af8eb42d56 -> 
========================================================================
Received Import Request.
  Time since last request: 152318.988173 seconds.
  path: Assets/Assets/Hospital_level_pack/Hospital_floor/Textures/Hospital_wall_2_AlbedoTransparency.png
  artifactKey: Guid(db49dd44a0f752a4184a4bd33a50381e) Importer(815301076,1909f56bfc062723c751e8b465ee728b)
Start importing Assets/Assets/Hospital_level_pack/Hospital_floor/Textures/Hospital_wall_2_AlbedoTransparency.png using Guid(db49dd44a0f752a4184a4bd33a50381e) Importer(815301076,1909f56bfc062723c751e8b465ee728b)  -> (artifact id: '61a7ef5be9a637c6c5053cc029fcad09') in 0.054050 seconds
Number of updated asset objects reloaded before import = 0
Number of asset objects unloaded after import = 2
========================================================================
Received Import Request.
  Time since last request: 554.874418 seconds.
  path: Assets/Assets/Hospital_level_pack/Hospital_floor/Materials/flight_of_stairs_extras.mat
  artifactKey: Guid(706d4bde134b8394d805794a00a6f8b0) Importer(815301076,1909f56bfc062723c751e8b465ee728b)
Start importing Assets/Assets/Hospital_level_pack/Hospital_floor/Materials/flight_of_stairs_extras.mat using Guid(706d4bde134b8394d805794a00a6f8b0) Importer(815301076,1909f56bfc062723c751e8b465ee728b)  -> (artifact id: 'de691713987adb297573697fe91103ad') in 0.284408 seconds
Number of updated asset objects reloaded before import = 0
Number of asset objects unloaded after import = 8
========================================================================
Received Import Request.
  Time since last request: 0.000028 seconds.
  path: Assets/Assets/Hospital_level_pack/Hospital_floor/Materials/Furniture_3.mat
  artifactKey: Guid(3d6b676ce66d4934ba5b52906379f5b3) Importer(815301076,1909f56bfc062723c751e8b465ee728b)
Start importing Assets/Assets/Hospital_level_pack/Hospital_floor/Materials/Furniture_3.mat using Guid(3d6b676ce66d4934ba5b52906379f5b3) Importer(815301076,1909f56bfc062723c751e8b465ee728b)  -> (artifact id: 'a257bc885175f002dc5eaf39eabea49f') in 0.058634 seconds
Number of updated asset objects reloaded before import = 0
Number of asset objects unloaded after import = 7
========================================================================
Received Import Request.
  Time since last request: 0.000027 seconds.
  path: Assets/Assets/Hospital_level_pack/Hospital_floor/Materials/Hospital_floor_prop.mat
  artifactKey: Guid(414fc4d480246974c86978108e9aece8) Importer(815301076,1909f56bfc062723c751e8b465ee728b)
Start importing Assets/Assets/Hospital_level_pack/Hospital_floor/Materials/Hospital_floor_prop.mat using Guid(414fc4d480246974c86978108e9aece8) Importer(815301076,1909f56bfc062723c751e8b465ee728b)  -> (artifact id: 'ff4b40fe86a8eacecd8937009abd0f8a') in 0.026526 seconds
Number of updated asset objects reloaded before import = 0
Number of asset objects unloaded after import = 8
========================================================================
Received Import Request.
  Time since last request: 0.000017 seconds.
  path: Assets/Assets/Hospital_level_pack/Hospital_floor/Materials/Hospital_wall_window.mat
  artifactKey: Guid(6f666b1e16771d84892ce782844461cb) Importer(815301076,1909f56bfc062723c751e8b465ee728b)
Start importing Assets/Assets/Hospital_level_pack/Hospital_floor/Materials/Hospital_wall_window.mat using Guid(6f666b1e16771d84892ce782844461cb) Importer(815301076,1909f56bfc062723c751e8b465ee728b)  -> (artifact id: '8015bb91c4b5bff65f110ced2389b31b') in 0.021941 seconds
Number of updated asset objects reloaded before import = 0
Number of asset objects unloaded after import = 7
========================================================================
Received Import Request.
  Time since last request: 0.000019 seconds.
  path: Assets/Assets/Hospital_level_pack/Hospital_floor/Materials/Hospital_wall_1.mat
  artifactKey: Guid(8c1b646e4fc88e349b8ca7bf1bf9f4e9) Importer(815301076,1909f56bfc062723c751e8b465ee728b)
Start importing Assets/Assets/Hospital_level_pack/Hospital_floor/Materials/Hospital_wall_1.mat using Guid(8c1b646e4fc88e349b8ca7bf1bf9f4e9) Importer(815301076,1909f56bfc062723c751e8b465ee728b)  -> (artifact id: '522aca5b263048318eafb13a9f5f592b') in 0.023668 seconds
Number of updated asset objects reloaded before import = 0
Number of asset objects unloaded after import = 7
========================================================================
Received Import Request.
  Time since last request: 0.000020 seconds.
  path: Assets/Assets/Hospital_level_pack/Hospital_floor/Materials/Hospiral_wall_prop.mat
  artifactKey: Guid(774b3bbe85b6d724dacdcc223f3d542f) Importer(815301076,1909f56bfc062723c751e8b465ee728b)
Start importing Assets/Assets/Hospital_level_pack/Hospital_floor/Materials/Hospiral_wall_prop.mat using Guid(774b3bbe85b6d724dacdcc223f3d542f) Importer(815301076,1909f56bfc062723c751e8b465ee728b)  -> (artifact id: 'ce76a4cdae677540101a553b3bf10dd4') in 0.024860 seconds
Number of updated asset objects reloaded before import = 0
Number of asset objects unloaded after import = 7
========================================================================
Received Import Request.
  Time since last request: 0.000019 seconds.
  path: Assets/Assets/Hospital_level_pack/Hospital_floor/Materials/flight_of_stairs_floor.mat
  artifactKey: Guid(5e1f6efff0817594a8a16b371c3f5a17) Importer(815301076,1909f56bfc062723c751e8b465ee728b)
Start importing Assets/Assets/Hospital_level_pack/Hospital_floor/Materials/flight_of_stairs_floor.mat using Guid(5e1f6efff0817594a8a16b371c3f5a17) Importer(815301076,1909f56bfc062723c751e8b465ee728b)  -> (artifact id: 'b626f146d292095fe4c65ddfcc75a411') in 0.049822 seconds
Number of updated asset objects reloaded before import = 0
Number of asset objects unloaded after import = 7
========================================================================
Received Import Request.
  Time since last request: 0.000019 seconds.
  path: Assets/Assets/Hospital_level_pack/Hospital_floor/Materials/Furniture_1.mat
  artifactKey: Guid(738f7ea5fafcacb40b686be7a023be34) Importer(815301076,1909f56bfc062723c751e8b465ee728b)
Start importing Assets/Assets/Hospital_level_pack/Hospital_floor/Materials/Furniture_1.mat using Guid(738f7ea5fafcacb40b686be7a023be34) Importer(815301076,1909f56bfc062723c751e8b465ee728b)  -> (artifact id: '6f75c4a30068edba44fe42aed6918f6d') in 0.022380 seconds
Number of updated asset objects reloaded before import = 0
Number of asset objects unloaded after import = 7
Editor requested this worker to shutdown with reason: Scaling down because of idle timeout
TcpMessagingSession - receive error: operation aborted. errorcode: 995, details: 스레드 종료 또는 응용 프로그램 요청 때문에 I/O 작업이 취소되었습니다.
AssetImportWorker is now disconnected from the server
Process exiting
Exiting without the bug reporter. Application will terminate with return code 0